jobspace/validate_nmf.py:73: DeprecationWarning: count is deprecated. Use Collection.count_documents instead.
  mat_id = list(db.tfidf_matrix.files.find())[db.tfidf_matrix.files.find().count()-1]['_id'] #get id
jobspace/validate_nmf.py:113: DeprecationWarning: insert is deprecated. Use insert_one or insert_many instead.
  db.nmf_validation.insert(output)
jobspace/validate_nmf.py:113: DeprecationWarning: insert is deprecated. Use insert_one or insert_many instead.
  db.nmf_validation.insert(output)
jobspace/validate_nmf.py:113: DeprecationWarning: insert is deprecated. Use insert_one or insert_many instead.
  db.nmf_validation.insert(output)
jobspace/validate_nmf.py:113: DeprecationWarning: insert is deprecated. Use insert_one or insert_many instead.
  db.nmf_validation.insert(output)
jobspace/validate_nmf.py:113: DeprecationWarning: insert is deprecated. Use insert_one or insert_many instead.
  db.nmf_validation.insert(output)
jobspace/validate_nmf.py:113: DeprecationWarning: insert is deprecated. Use insert_one or insert_many instead.
  db.nmf_validation.insert(output)
jobspace/validate_nmf.py:113: DeprecationWarning: insert is deprecated. Use insert_one or insert_many instead.
  db.nmf_validation.insert(output)
jobspace/validate_nmf.py:113: DeprecationWarning: insert is deprecated. Use insert_one or insert_many instead.
  db.nmf_validation.insert(output)
jobspace/validate_nmf.py:113: DeprecationWarning: insert is deprecated. Use insert_one or insert_many instead.
  db.nmf_validation.insert(output)
slurmstepd-ood-20: error: *** JOB 827688 ON ood-20 CANCELLED AT 2021-07-16T17:43:48 ***
